[ 2019-09-29T08:31:47+08:00 ] 127.0.0.1 /
INFO: [ app_init ] --START--
INFO: Run Behavior\BuildLiteBehavior [ RunTime:0.000011s ]
INFO: [ app_init ] --END-- [ RunTime:0.001283s ]
INFO: [ app_begin ] --START--
INFO: Run Behavior\ReadHtmlCacheBehavior [ RunTime:0.001301s ]
INFO: [ app_begin ] --END-- [ RunTime:0.001334s ]
SQL: SHOW COLUMNS FROM `hd_user` [ RunTime:0.0175s ]
SQL: SELECT `id`,`lock` FROM `hd_user` WHERE `account` = 'admin22' LIMIT 1   [ RunTime:0.0030s ]
SQL: SHOW COLUMNS FROM `hd_follow` [ RunTime:0.0027s ]
SQL: SELECT `follow` FROM `hd_follow` WHERE `fans` = 8  [ RunTime:0.0011s ]
SQL: SHOW COLUMNS FROM `hd_weibo` [ RunTime:0.0028s ]
SQL: SHOW COLUMNS FROM `hd_userinfo` [ RunTime:0.0024s ]
SQL: SHOW COLUMNS FROM `hd_picture` [ RunTime:0.0024s ]
SQL: SELECT weibo.id AS id,weibo.content AS content,weibo.isturn AS isturn,weibo.time AS time,weibo.turn AS turn,weibo.keep AS keep,weibo.comment AS comment,weibo.uid AS uid,userinfo.username AS username,userinfo.face50 AS face,picture.mini AS mini,picture.medium AS medium,picture.max AS max FROM hd_weibo weibo LEFT JOIN hd_userinfo userinfo ON weibo.uid = userinfo.uid LEFT JOIN hd_picture picture ON weibo.id = picture.wid WHERE weibo.uid IN ('8','4','7')  [ RunTime:0.0021s ]
ERR: Think\Model:p方法不存在！

[ 2019-09-29T08:31:47+08:00 ] 127.0.0.1 /
INFO: [ app_init ] --START--
INFO: Run Behavior\BuildLiteBehavior [ RunTime:0.000013s ]
INFO: [ app_init ] --END-- [ RunTime:0.000805s ]
INFO: [ app_begin ] --START--
INFO: Run Behavior\ReadHtmlCacheBehavior [ RunTime:0.001619s ]
INFO: [ app_begin ] --END-- [ RunTime:0.001694s ]
SQL: SHOW COLUMNS FROM `hd_follow` [ RunTime:0.0016s ]
SQL: SELECT `follow` FROM `hd_follow` WHERE `fans` = 8  [ RunTime:0.0005s ]
SQL: SHOW COLUMNS FROM `hd_weibo` [ RunTime:0.0017s ]
SQL: SHOW COLUMNS FROM `hd_userinfo` [ RunTime:0.0020s ]
SQL: SHOW COLUMNS FROM `hd_picture` [ RunTime:0.0017s ]
SQL: SELECT weibo.id AS id,weibo.content AS content,weibo.isturn AS isturn,weibo.time AS time,weibo.turn AS turn,weibo.keep AS keep,weibo.comment AS comment,weibo.uid AS uid,userinfo.username AS username,userinfo.face50 AS face,picture.mini AS mini,picture.medium AS medium,picture.max AS max FROM hd_weibo weibo LEFT JOIN hd_userinfo userinfo ON weibo.uid = userinfo.uid LEFT JOIN hd_picture picture ON weibo.id = picture.wid WHERE weibo.uid IN ('8','4','7')  [ RunTime:0.0007s ]
ERR: Think\Model:p方法不存在！

[ 2019-09-29T08:32:22+08:00 ] 127.0.0.1 /
INFO: [ app_init ] --START--
INFO: Run Behavior\BuildLiteBehavior [ RunTime:0.000014s ]
INFO: [ app_init ] --END-- [ RunTime:0.000726s ]
INFO: [ app_begin ] --START--
INFO: Run Behavior\ReadHtmlCacheBehavior [ RunTime:0.001141s ]
INFO: [ app_begin ] --END-- [ RunTime:0.001181s ]
SQL: SHOW COLUMNS FROM `hd_follow` [ RunTime:0.0013s ]
SQL: SELECT `follow` FROM `hd_follow` WHERE `fans` = 8  [ RunTime:0.0004s ]
SQL: SHOW COLUMNS FROM `hd_weibo` [ RunTime:0.0014s ]
SQL: SHOW COLUMNS FROM `hd_userinfo` [ RunTime:0.0013s ]
SQL: SHOW COLUMNS FROM `hd_picture` [ RunTime:0.0014s ]
SQL: SELECT weibo.id AS id,weibo.content AS content,weibo.isturn AS isturn,weibo.time AS time,weibo.turn AS turn,weibo.keep AS keep,weibo.comment AS comment,weibo.uid AS uid,userinfo.username AS username,userinfo.face50 AS face,picture.mini AS mini,picture.medium AS medium,picture.max AS max FROM hd_weibo weibo LEFT JOIN hd_userinfo userinfo ON weibo.uid = userinfo.uid LEFT JOIN hd_picture picture ON weibo.id = picture.wid WHERE weibo.uid IN ('8','4','7')  [ RunTime:0.0008s ]
ERR: Think\Model:p方法不存在！

[ 2019-09-29T08:32:26+08:00 ] 127.0.0.1 /
INFO: [ app_init ] --START--
INFO: Run Behavior\BuildLiteBehavior [ RunTime:0.000008s ]
INFO: [ app_init ] --END-- [ RunTime:0.000429s ]
INFO: [ app_begin ] --START--
INFO: Run Behavior\ReadHtmlCacheBehavior [ RunTime:0.000737s ]
INFO: [ app_begin ] --END-- [ RunTime:0.000764s ]
SQL: SHOW COLUMNS FROM `hd_follow` [ RunTime:0.0013s ]
SQL: SELECT `follow` FROM `hd_follow` WHERE `fans` = 8  [ RunTime:0.0003s ]
SQL: SHOW COLUMNS FROM `hd_weibo` [ RunTime:0.0018s ]
SQL: SHOW COLUMNS FROM `hd_userinfo` [ RunTime:0.0014s ]
SQL: SHOW COLUMNS FROM `hd_picture` [ RunTime:0.0012s ]
SQL: SELECT weibo.id AS id,weibo.content AS content,weibo.isturn AS isturn,weibo.time AS time,weibo.turn AS turn,weibo.keep AS keep,weibo.comment AS comment,weibo.uid AS uid,userinfo.username AS username,userinfo.face50 AS face,picture.mini AS mini,picture.medium AS medium,picture.max AS max FROM hd_weibo weibo LEFT JOIN hd_userinfo userinfo ON weibo.uid = userinfo.uid LEFT JOIN hd_picture picture ON weibo.id = picture.wid WHERE weibo.uid IN ('8','4','7')  [ RunTime:0.0007s ]
ERR: Think\Model:p方法不存在！

[ 2019-09-29T08:32:44+08:00 ] 127.0.0.1 /
INFO: [ app_init ] --START--
INFO: Run Behavior\BuildLiteBehavior [ RunTime:0.000007s ]
INFO: [ app_init ] --END-- [ RunTime:0.000425s ]
INFO: [ app_begin ] --START--
INFO: Run Behavior\ReadHtmlCacheBehavior [ RunTime:0.000731s ]
INFO: [ app_begin ] --END-- [ RunTime:0.000758s ]
SQL: SHOW COLUMNS FROM `hd_follow` [ RunTime:0.0015s ]
SQL: SELECT `follow` FROM `hd_follow` WHERE `fans` = 8  [ RunTime:0.0004s ]
SQL: SHOW COLUMNS FROM `hd_weibo` [ RunTime:0.0013s ]
SQL: SHOW COLUMNS FROM `hd_userinfo` [ RunTime:0.0013s ]
SQL: SHOW COLUMNS FROM `hd_picture` [ RunTime:0.0012s ]
SQL: SELECT weibo.id AS id,weibo.content AS content,weibo.isturn AS isturn,weibo.time AS time,weibo.turn AS turn,weibo.keep AS keep,weibo.comment AS comment,weibo.uid AS uid,userinfo.username AS username,userinfo.face50 AS face,picture.mini AS mini,picture.medium AS medium,picture.max AS max FROM hd_weibo weibo LEFT JOIN hd_userinfo userinfo ON weibo.uid = userinfo.uid LEFT JOIN hd_picture picture ON weibo.id = picture.wid WHERE weibo.uid IN ('8','4','7')  [ RunTime:0.0007s ]
NOTIC: [4096] Object of class Home\Controller\IndexController could not be converted to string C:\laragon\www\weibo\Index\Home\Controller\IndexController.class.php 第 41 行.
ERR: Call to a member function display() on null

[ 2019-09-29T08:34:25+08:00 ] 127.0.0.1 /
INFO: [ app_init ] --START--
INFO: Run Behavior\BuildLiteBehavior [ RunTime:0.000006s ]
INFO: [ app_init ] --END-- [ RunTime:0.000473s ]
INFO: [ app_begin ] --START--
INFO: Run Behavior\ReadHtmlCacheBehavior [ RunTime:0.000849s ]
INFO: [ app_begin ] --END-- [ RunTime:0.000878s ]
SQL: SHOW COLUMNS FROM `hd_follow` [ RunTime:0.0026s ]
SQL: SELECT `follow` FROM `hd_follow` WHERE `fans` = 8  [ RunTime:0.0006s ]
SQL: SHOW COLUMNS FROM `hd_weibo` [ RunTime:0.0020s ]
SQL: SHOW COLUMNS FROM `hd_userinfo` [ RunTime:0.0020s ]
SQL: SHOW COLUMNS FROM `hd_picture` [ RunTime:0.0023s ]
SQL: SELECT weibo.id AS id,weibo.content AS content,weibo.isturn AS isturn,weibo.time AS time,weibo.turn AS turn,weibo.keep AS keep,weibo.comment AS comment,weibo.uid AS uid,userinfo.username AS username,userinfo.face50 AS face,picture.mini AS mini,picture.medium AS medium,picture.max AS max FROM hd_weibo weibo LEFT JOIN hd_userinfo userinfo ON weibo.uid = userinfo.uid LEFT JOIN hd_picture picture ON weibo.id = picture.wid WHERE weibo.uid IN ('8','4','7')  [ RunTime:0.0018s ]

[ 2019-09-29T08:43:15+08:00 ] 127.0.0.1 /
INFO: [ app_init ] --START--
INFO: Run Behavior\BuildLiteBehavior [ RunTime:0.000012s ]
INFO: [ app_init ] --END-- [ RunTime:0.000644s ]
INFO: [ app_begin ] --START--
INFO: Run Behavior\ReadHtmlCacheBehavior [ RunTime:0.001428s ]
INFO: [ app_begin ] --END-- [ RunTime:0.001477s ]
SQL: SHOW COLUMNS FROM `hd_follow` [ RunTime:0.0023s ]
SQL: SELECT `follow` FROM `hd_follow` WHERE `fans` = 8  [ RunTime:0.0005s ]
SQL: SHOW COLUMNS FROM `hd_weibo` [ RunTime:0.0010s ]
SQL: SHOW COLUMNS FROM `hd_userinfo` [ RunTime:0.0022s ]
SQL: SHOW COLUMNS FROM `hd_picture` [ RunTime:0.0014s ]
SQL: SELECT weibo.id AS id,weibo.content AS content,weibo.isturn AS isturn,weibo.time AS time,weibo.turn AS turn,weibo.keep AS keep,weibo.comment AS comment,weibo.uid AS uid,userinfo.username AS username,userinfo.face50 AS face,picture.mini AS mini,picture.medium AS medium,picture.max AS max FROM hd_weibo weibo LEFT JOIN hd_userinfo userinfo ON weibo.uid = userinfo.uid LEFT JOIN hd_picture picture ON weibo.id = picture.wid WHERE weibo.uid IN ('8','4','7')  [ RunTime:0.0008s ]

[ 2019-09-29T08:43:22+08:00 ] 127.0.0.1 /
INFO: [ app_init ] --START--
INFO: Run Behavior\BuildLiteBehavior [ RunTime:0.000007s ]
INFO: [ app_init ] --END-- [ RunTime:0.000468s ]
INFO: [ app_begin ] --START--
INFO: Run Behavior\ReadHtmlCacheBehavior [ RunTime:0.002082s ]
INFO: [ app_begin ] --END-- [ RunTime:0.002136s ]
SQL: SHOW COLUMNS FROM `hd_follow` [ RunTime:0.0022s ]
SQL: SELECT `follow` FROM `hd_follow` WHERE `fans` = 8  [ RunTime:0.0005s ]
SQL: SHOW COLUMNS FROM `hd_weibo` [ RunTime:0.0022s ]
SQL: SHOW COLUMNS FROM `hd_userinfo` [ RunTime:0.0015s ]
SQL: SHOW COLUMNS FROM `hd_picture` [ RunTime:0.0014s ]
SQL: SELECT weibo.id AS id,weibo.content AS content,weibo.isturn AS isturn,weibo.time AS time,weibo.turn AS turn,weibo.keep AS keep,weibo.comment AS comment,weibo.uid AS uid,userinfo.username AS username,userinfo.face50 AS face,picture.mini AS mini,picture.medium AS medium,picture.max AS max FROM hd_weibo weibo LEFT JOIN hd_userinfo userinfo ON weibo.uid = userinfo.uid LEFT JOIN hd_picture picture ON weibo.id = picture.wid WHERE weibo.uid IN ('8','4','7')  [ RunTime:0.0008s ]

[ 2019-09-29T08:43:23+08:00 ] 127.0.0.1 /
INFO: [ app_init ] --START--
INFO: Run Behavior\BuildLiteBehavior [ RunTime:0.000014s ]
INFO: [ app_init ] --END-- [ RunTime:0.000803s ]
INFO: [ app_begin ] --START--
INFO: Run Behavior\ReadHtmlCacheBehavior [ RunTime:0.001079s ]
INFO: [ app_begin ] --END-- [ RunTime:0.001123s ]
SQL: SHOW COLUMNS FROM `hd_follow` [ RunTime:0.0022s ]
SQL: SELECT `follow` FROM `hd_follow` WHERE `fans` = 8  [ RunTime:0.0004s ]
SQL: SHOW COLUMNS FROM `hd_weibo` [ RunTime:0.0020s ]
SQL: SHOW COLUMNS FROM `hd_userinfo` [ RunTime:0.0016s ]
SQL: SHOW COLUMNS FROM `hd_picture` [ RunTime:0.0012s ]
SQL: SELECT weibo.id AS id,weibo.content AS content,weibo.isturn AS isturn,weibo.time AS time,weibo.turn AS turn,weibo.keep AS keep,weibo.comment AS comment,weibo.uid AS uid,userinfo.username AS username,userinfo.face50 AS face,picture.mini AS mini,picture.medium AS medium,picture.max AS max FROM hd_weibo weibo LEFT JOIN hd_userinfo userinfo ON weibo.uid = userinfo.uid LEFT JOIN hd_picture picture ON weibo.id = picture.wid WHERE weibo.uid IN ('8','4','7')  [ RunTime:0.0008s ]

[ 2019-09-29T09:00:44+08:00 ] 127.0.0.1 /
INFO: [ app_init ] --START--
INFO: Run Behavior\BuildLiteBehavior [ RunTime:0.000007s ]
INFO: [ app_init ] --END-- [ RunTime:0.000475s ]
INFO: [ app_begin ] --START--
INFO: Run Behavior\ReadHtmlCacheBehavior [ RunTime:0.000977s ]
INFO: [ app_begin ] --END-- [ RunTime:0.001007s ]
SQL: SHOW COLUMNS FROM `hd_follow` [ RunTime:0.0016s ]
SQL: SELECT `follow` FROM `hd_follow` WHERE `fans` = 8  [ RunTime:0.0004s ]
SQL: SHOW COLUMNS FROM `hd_weibo` [ RunTime:0.0017s ]
SQL: SHOW COLUMNS FROM `hd_userinfo` [ RunTime:0.0016s ]
SQL: SHOW COLUMNS FROM `hd_picture` [ RunTime:0.0007s ]
SQL: SELECT weibo.id AS id,weibo.content AS content,weibo.isturn AS isturn,weibo.time AS time,weibo.turn AS turn,weibo.keep AS keep,weibo.comment AS comment,weibo.uid AS uid,userinfo.username AS username,userinfo.face50 AS face,picture.mini AS mini,picture.medium AS medium,picture.max AS max FROM hd_weibo weibo LEFT JOIN hd_userinfo userinfo ON weibo.uid = userinfo.uid LEFT JOIN hd_picture picture ON weibo.id = picture.wid WHERE weibo.uid IN ('8','4','7')  [ RunTime:0.0008s ]

[ 2019-09-29T09:00:46+08:00 ] 127.0.0.1 /
INFO: [ app_init ] --START--
INFO: Run Behavior\BuildLiteBehavior [ RunTime:0.000008s ]
INFO: [ app_init ] --END-- [ RunTime:0.000452s ]
INFO: [ app_begin ] --START--
INFO: Run Behavior\ReadHtmlCacheBehavior [ RunTime:0.000834s ]
INFO: [ app_begin ] --END-- [ RunTime:0.000871s ]
SQL: SHOW COLUMNS FROM `hd_follow` [ RunTime:0.0007s ]
SQL: SELECT `follow` FROM `hd_follow` WHERE `fans` = 8  [ RunTime:0.0003s ]
SQL: SHOW COLUMNS FROM `hd_weibo` [ RunTime:0.0006s ]
SQL: SHOW COLUMNS FROM `hd_userinfo` [ RunTime:0.0007s ]
SQL: SHOW COLUMNS FROM `hd_picture` [ RunTime:0.0009s ]
SQL: SELECT weibo.id AS id,weibo.content AS content,weibo.isturn AS isturn,weibo.time AS time,weibo.turn AS turn,weibo.keep AS keep,weibo.comment AS comment,weibo.uid AS uid,userinfo.username AS username,userinfo.face50 AS face,picture.mini AS mini,picture.medium AS medium,picture.max AS max FROM hd_weibo weibo LEFT JOIN hd_userinfo userinfo ON weibo.uid = userinfo.uid LEFT JOIN hd_picture picture ON weibo.id = picture.wid WHERE weibo.uid IN ('8','4','7')  [ RunTime:0.0013s ]

[ 2019-09-29T09:01:04+08:00 ] 127.0.0.1 /
INFO: [ app_init ] --START--
INFO: Run Behavior\BuildLiteBehavior [ RunTime:0.000007s ]
INFO: [ app_init ] --END-- [ RunTime:0.000458s ]
INFO: [ app_begin ] --START--
INFO: Run Behavior\ReadHtmlCacheBehavior [ RunTime:0.000840s ]
INFO: [ app_begin ] --END-- [ RunTime:0.000863s ]
SQL: SHOW COLUMNS FROM `hd_follow` [ RunTime:0.0007s ]
SQL: SELECT `follow` FROM `hd_follow` WHERE `fans` = 8  [ RunTime:0.0004s ]
SQL: SHOW COLUMNS FROM `hd_weibo` [ RunTime:0.0009s ]
SQL: SHOW COLUMNS FROM `hd_userinfo` [ RunTime:0.0010s ]
SQL: SHOW COLUMNS FROM `hd_picture` [ RunTime:0.0010s ]
SQL: SELECT weibo.id AS id,weibo.content AS content,weibo.isturn AS isturn,weibo.time AS time,weibo.turn AS turn,weibo.keep AS keep,weibo.comment AS comment,weibo.uid AS uid,userinfo.username AS username,userinfo.face50 AS face,picture.mini AS mini,picture.medium AS medium,picture.max AS max FROM hd_weibo weibo LEFT JOIN hd_userinfo userinfo ON weibo.uid = userinfo.uid LEFT JOIN hd_picture picture ON weibo.id = picture.wid WHERE weibo.uid IN ('8','4','7')  [ RunTime:0.0009s ]
INFO: [ view_parse ] --START--
INFO: [ template_filter ] --START--
INFO: Run Behavior\ContentReplaceBehavior [ RunTime:0.000166s ]
INFO: [ template_filter ] --END-- [ RunTime:0.000196s ]
SQL: SELECT `style` FROM `hd_userinfo` WHERE `uid` = 8 LIMIT 1   [ RunTime:0.0006s ]
SQL: SELECT `username` FROM `hd_userinfo` WHERE `uid` = 8 LIMIT 1   [ RunTime:0.0002s ]
SQL: SHOW COLUMNS FROM `hd_group` [ RunTime:0.0015s ]
SQL: SELECT * FROM `hd_group` WHERE `uid` = 8  [ RunTime:0.0005s ]
SQL: SELECT * FROM `hd_group` WHERE `uid` = 8  [ RunTime:0.0003s ]
NOTIC: [8] Undefined variable: page C:\laragon\www\weibo\Index\Runtime\Cache\Home\20ef0c31aa8ae73946d7fed8083ca825.php 第 400 行.
INFO: Run Behavior\ParseTemplateBehavior [ RunTime:0.031967s ]
INFO: [ view_parse ] --END-- [ RunTime:0.032017s ]
INFO: [ view_filter ] --START--
INFO: Run Behavior\WriteHtmlCacheBehavior [ RunTime:0.001768s ]
INFO: [ view_filter ] --END-- [ RunTime:0.001804s ]
INFO: [ app_end ] --START--
INFO: Run Behavior\ShowPageTraceBehavior [ RunTime:0.003180s ]
INFO: [ app_end ] --END-- [ RunTime:0.003223s ]

[ 2019-09-29T09:01:16+08:00 ] 127.0.0.1 /index.php/Common/uploadPic
INFO: [ app_init ] --START--
INFO: Run Behavior\BuildLiteBehavior [ RunTime:0.000012s ]
INFO: [ app_init ] --END-- [ RunTime:0.000869s ]
INFO: [ app_begin ] --START--
INFO: Run Behavior\ReadHtmlCacheBehavior [ RunTime:0.002127s ]
INFO: [ app_begin ] --END-- [ RunTime:0.002204s ]
NOTIC: [8] Undefined offset: 1 C:\laragon\www\weibo\ThinkPHP\Library\Think\UploadFile.class.php 第 164 行.
NOTIC: [8] Undefined offset: 2 C:\laragon\www\weibo\ThinkPHP\Library\Think\UploadFile.class.php 第 164 行.
NOTIC: [8] Undefined property: Think\UploadFile::$zipImags C:\laragon\www\weibo\ThinkPHP\Library\Think\UploadFile.class.php 第 173 行.
NOTIC: [2] md5_file(./Uploads/Pic/2019-09/5d90025c26d93.jpg): failed to open stream: No such file or directory C:\laragon\www\weibo\ThinkPHP\Library\Think\UploadFile.class.php 第 240 行.
INFO: [ app_end ] --START--
INFO: Run Behavior\ShowPageTraceBehavior [ RunTime:0.001665s ]
INFO: [ app_end ] --END-- [ RunTime:0.001701s ]

[ 2019-09-29T09:01:17+08:00 ] 127.0.0.1 /index.php/Index/sendWeibo
INFO: [ app_init ] --START--
INFO: Run Behavior\BuildLiteBehavior [ RunTime:0.000012s ]
INFO: [ app_init ] --END-- [ RunTime:0.000981s ]
INFO: [ app_begin ] --START--
INFO: Run Behavior\ReadHtmlCacheBehavior [ RunTime:0.000884s ]
INFO: [ app_begin ] --END-- [ RunTime:0.000917s ]
SQL: SHOW COLUMNS FROM `hd_weibo` [ RunTime:0.0008s ]
SQL: INSERT INTO `hd_weibo` (`content`,`time`,`uid`) VALUES ('ytgu,jbjk/.[嘻嘻]','1569718877','8') [ RunTime:0.0009s ]
SQL: SHOW COLUMNS FROM `hd_picture` [ RunTime:0.0009s ]
SQL: INSERT INTO `hd_picture` (`mini`,`medium`,`max`,`wid`) VALUES ('2019-09/mini_5d90025c26d93.jpg','2019-09/medium_5d90025c26d93.jpg','2019-09/max_5d90025c26d93.jpg','15') [ RunTime:0.0003s ]
INFO: [ view_parse ] --START--
INFO: [ template_filter ] --START--
INFO: Run Behavior\ContentReplaceBehavior [ RunTime:0.000024s ]
INFO: [ template_filter ] --END-- [ RunTime:0.000052s ]
INFO: Run Behavior\ParseTemplateBehavior [ RunTime:0.014056s ]
INFO: [ view_parse ] --END-- [ RunTime:0.014093s ]
INFO: [ view_filter ] --START--
INFO: Run Behavior\WriteHtmlCacheBehavior [ RunTime:0.001137s ]
INFO: [ view_filter ] --END-- [ RunTime:0.001169s ]
INFO: [ app_end ] --START--
INFO: Run Behavior\ShowPageTraceBehavior [ RunTime:0.000811s ]
INFO: [ app_end ] --END-- [ RunTime:0.000830s ]

[ 2019-09-29T09:01:18+08:00 ] 127.0.0.1 /index.php/Index/index
INFO: [ app_init ] --START--
INFO: Run Behavior\BuildLiteBehavior [ RunTime:0.000013s ]
INFO: [ app_init ] --END-- [ RunTime:0.000863s ]
INFO: [ app_begin ] --START--
INFO: Run Behavior\ReadHtmlCacheBehavior [ RunTime:0.002106s ]
INFO: [ app_begin ] --END-- [ RunTime:0.002187s ]
SQL: SHOW COLUMNS FROM `hd_follow` [ RunTime:0.0014s ]
SQL: SELECT `follow` FROM `hd_follow` WHERE `fans` = 8  [ RunTime:0.0007s ]
SQL: SHOW COLUMNS FROM `hd_weibo` [ RunTime:0.0014s ]
SQL: SHOW COLUMNS FROM `hd_userinfo` [ RunTime:0.0024s ]
SQL: SHOW COLUMNS FROM `hd_picture` [ RunTime:0.0013s ]
SQL: SELECT weibo.id AS id,weibo.content AS content,weibo.isturn AS isturn,weibo.time AS time,weibo.turn AS turn,weibo.keep AS keep,weibo.comment AS comment,weibo.uid AS uid,userinfo.username AS username,userinfo.face50 AS face,picture.mini AS mini,picture.medium AS medium,picture.max AS max FROM hd_weibo weibo LEFT JOIN hd_userinfo userinfo ON weibo.uid = userinfo.uid LEFT JOIN hd_picture picture ON weibo.id = picture.wid WHERE weibo.uid IN ('8','4','7')  [ RunTime:0.0014s ]
INFO: [ view_parse ] --START--
INFO: [ template_filter ] --START--
INFO: Run Behavior\ContentReplaceBehavior [ RunTime:0.000424s ]
INFO: [ template_filter ] --END-- [ RunTime:0.000491s ]
SQL: SELECT `style` FROM `hd_userinfo` WHERE `uid` = 8 LIMIT 1   [ RunTime:0.0010s ]
SQL: SELECT `username` FROM `hd_userinfo` WHERE `uid` = 8 LIMIT 1   [ RunTime:0.0010s ]
SQL: SHOW COLUMNS FROM `hd_group` [ RunTime:0.0032s ]
SQL: SELECT * FROM `hd_group` WHERE `uid` = 8  [ RunTime:0.0008s ]
SQL: SELECT * FROM `hd_group` WHERE `uid` = 8  [ RunTime:0.0009s ]
NOTIC: [8] Undefined variable: page C:\laragon\www\weibo\Index\Runtime\Cache\Home\20ef0c31aa8ae73946d7fed8083ca825.php 第 400 行.
INFO: Run Behavior\ParseTemplateBehavior [ RunTime:0.057783s ]
INFO: [ view_parse ] --END-- [ RunTime:0.057857s ]
INFO: [ view_filter ] --START--
INFO: Run Behavior\WriteHtmlCacheBehavior [ RunTime:0.001693s ]
INFO: [ view_filter ] --END-- [ RunTime:0.001768s ]
INFO: [ app_end ] --START--
INFO: Run Behavior\ShowPageTraceBehavior [ RunTime:0.002975s ]
INFO: [ app_end ] --END-- [ RunTime:0.003082s ]

